<?xml version="1.0" encoding="UTF-8"?>
<!-- Generated by org.testng.reporters.JUnitReportReporter -->
<testsuite skipped="0" hostname="DESKTOP-06M73V3" name="MagentoTest" tests="1" failures="0" timestamp="22 Jan 2019 08:25:40 GMT" time="289.709" errors="0">
  <testcase name="Magento" time="289.709" classname="MagentoTest"/>
</testsuite> <!-- MagentoTest -->
